2017-07-26 06:28:21,828 CRIT Supervisor running as root (no user in config file)
2017-07-26 06:28:21,919 CRIT Server 'inet_http_server' running without any HTTP authentication checking
2017-07-26 06:28:21,922 INFO daemonizing the supervisord process
2017-07-26 06:28:21,922 INFO supervisord started with pid 785
2017-07-26 06:28:22,929 INFO spawned: 'gunicorn' with pid 787
2017-07-26 06:28:24,357 INFO success: gunicorn entered RUNNING state, process has stayed up for > than 1 seconds (startsecs)
2017-07-26 06:28:42,226 CRIT Supervisor running as root (no user in config file)
2017-07-26 06:36:21,924 CRIT Supervisor running as root (no user in config file)
2017-07-26 06:36:21,972 CRIT Server 'inet_http_server' running without any HTTP authentication checking
2017-07-26 06:36:21,974 INFO daemonizing the supervisord process
2017-07-26 06:36:21,975 INFO supervisord started with pid 785
2017-07-26 06:36:22,983 INFO spawned: 'gunicorn' with pid 787
2017-07-26 06:36:24,446 INFO success: gunicorn entered RUNNING state, process has stayed up for > than 1 seconds (startsecs)
2017-07-26 06:36:42,410 CRIT Supervisor running as root (no user in config file)
2017-07-26 06:37:49,162 CRIT Supervisor running as root (no user in config file)
2017-07-26 06:37:49,192 CRIT Server 'inet_http_server' running without any HTTP authentication checking
2017-07-26 06:37:49,195 INFO daemonizing the supervisord process
2017-07-26 06:37:49,196 INFO supervisord started with pid 793
2017-07-26 06:37:50,203 INFO spawned: 'gunicorn' with pid 795
2017-07-26 06:37:51,638 INFO success: gunicorn entered RUNNING state, process has stayed up for > than 1 seconds (startsecs)
2017-07-26 06:38:10,001 CRIT Supervisor running as root (no user in config file)
2017-07-26 06:39:40,302 CRIT Supervisor running as root (no user in config file)
2017-07-26 06:39:40,349 CRIT Server 'inet_http_server' running without any HTTP authentication checking
2017-07-26 06:39:40,352 INFO daemonizing the supervisord process
2017-07-26 06:39:40,352 INFO supervisord started with pid 793
2017-07-26 06:39:41,360 INFO spawned: 'gunicorn' with pid 795
2017-07-26 06:39:42,839 INFO success: gunicorn entered RUNNING state, process has stayed up for > than 1 seconds (startsecs)
2017-07-26 06:39:59,340 CRIT Supervisor running as root (no user in config file)
2017-07-26 06:53:20,827 CRIT Supervisor running as root (no user in config file)
2017-07-26 06:53:20,853 CRIT Server 'inet_http_server' running without any HTTP authentication checking
2017-07-26 06:53:20,856 INFO daemonizing the supervisord process
2017-07-26 06:53:20,856 INFO supervisord started with pid 793
2017-07-26 06:53:21,863 INFO spawned: 'gunicorn' with pid 795
2017-07-26 06:53:23,268 INFO success: gunicorn entered RUNNING state, process has stayed up for > than 1 seconds (startsecs)
2017-07-26 06:53:38,427 CRIT Supervisor running as root (no user in config file)
2017-07-26 06:55:55,249 CRIT Supervisor running as root (no user in config file)
2017-07-26 06:55:55,284 CRIT Server 'unix_http_server' running without any HTTP authentication checking
2017-07-26 06:55:55,286 INFO daemonizing the supervisord process
2017-07-26 06:55:55,287 INFO supervisord started with pid 793
2017-07-26 06:55:56,294 INFO spawned: 'gunicorn' with pid 795
2017-07-26 06:55:57,715 INFO success: gunicorn entered RUNNING state, process has stayed up for > than 1 seconds (startsecs)
2017-07-26 06:56:14,271 CRIT Supervisor running as root (no user in config file)
2017-07-26 06:57:16,537 CRIT Supervisor running as root (no user in config file)
2017-07-26 06:59:09,402 CRIT Supervisor running as root (no user in config file)
2017-07-26 07:01:59,560 CRIT Supervisor running as root (no user in config file)
2017-07-26 07:03:05,167 CRIT Supervisor running as root (no user in config file)
2017-07-26 07:03:05,480 CRIT Server 'unix_http_server' running without any HTTP authentication checking
2017-07-26 07:03:05,482 INFO daemonizing the supervisord process
2017-07-26 07:03:05,482 INFO supervisord started with pid 1778
2017-07-26 07:03:06,490 INFO spawned: 'gunicorn' with pid 1780
2017-07-26 07:03:07,793 INFO success: gunicorn entered RUNNING state, process has stayed up for > than 1 seconds (startsecs)
2017-07-26 07:03:21,785 CRIT Supervisor running as root (no user in config file)
